<?xml version="1.0" encoding="UTF-8"?>
<!-- Generated by org.testng.reporters.JUnitXMLReporter -->
<testsuite ignored="0" hostname="NW-VIVEK-LAPTOP" failures="0" tests="1" name="Default test" time="0.041" errors="0" timestamp="2021-09-01T15:39:44 IST">
  <testcase classname="com.od.baseutil.BaseTest" name="@BeforeSuite createFolder" time="-1.630490984371E9">
    <failure type="org.testng.TestNGException" message="
Parameter &amp;apos;browserName&amp;apos; is required by BeforeSuite on method createFolder but has not been marked @Optional or defined
in C:\Users\Netzwelt\AppData\Local\Temp\testng-eclipse--944515136\testng-customsuite.xml">
      <![CDATA[org.testng.TestNGException: 
Parameter 'browserName' is required by BeforeSuite on method createFolder but has not been marked @Optional or defined
in C:\Users\Netzwelt\AppData\Local\Temp\testng-eclipse--944515136\testng-customsuite.xml
at org.testng.internal.Parameters.createParams(Parameters.java:270)
at org.testng.internal.Parameters.createParametersForMethod(Parameters.java:358)
at org.testng.internal.Parameters.createParameters(Parameters.java:700)
at org.testng.internal.Parameters.createConfigurationParameters(Parameters.java:168)
at org.testng.internal.ConfigInvoker.invokeConfigurations(ConfigInvoker.java:302)
at org.testng.SuiteRunner.privateRun(SuiteRunner.java:317)
at org.testng.SuiteRunner.run(SuiteRunner.java:276)
at org.testng.SuiteRunnerWorker.runSuite(SuiteRunnerWorker.java:53)
at org.testng.SuiteRunnerWorker.run(SuiteRunnerWorker.java:96)
at org.testng.TestNG.runSuitesSequentially(TestNG.java:1212)
at org.testng.TestNG.runSuitesLocally(TestNG.java:1134)
at org.testng.TestNG.runSuites(TestNG.java:1063)
at org.testng.TestNG.run(TestNG.java:1031)
at org.testng.remote.AbstractRemoteTestNG.run(AbstractRemoteTestNG.java:115)
at org.testng.remote.RemoteTestNG.initAndRun(RemoteTestNG.java:251)
at org.testng.remote.RemoteTestNG.main(RemoteTestNG.java:77)
]]>
    </failure>
  </testcase> <!-- @BeforeSuite createFolder -->
  <testcase classname="com.od.baseutil.BaseTest" name="@BeforeClass setExtentReport" time="-1.630490984397E9">
    <skipped/>
  </testcase> <!-- @BeforeClass setExtentReport -->
  <testcase classname="com.od.baseutil.BaseTest" name="@BeforeMethod launchBrowser" time="-1.630490984409E9">
    <skipped/>
  </testcase> <!-- @BeforeMethod launchBrowser -->
  <testcase classname="com.od.baseutil.BaseTest" name="@AfterMethod browserclose" time="-1.630490984417E9">
    <skipped/>
  </testcase> <!-- @AfterMethod browserclose -->
  <testcase classname="com.od.baseutil.BaseTest" name="@AfterMethod killBrowser" time="-1.630490984418E9">
    <skipped/>
  </testcase> <!-- @AfterMethod killBrowser -->
  <testcase classname="com.od.testscripts.Quick_Guides" name="addQuickGuides" time="0.0">
    <skipped/>
  </testcase> <!-- addQuickGuides -->
</testsuite> <!-- Default test -->
